<?xml version="1.0" encoding="UTF-8"?>
<!-- Generated by org.testng.reporters.JUnitReportReporter -->
<testsuite skipped="0" hostname="kve" name="com.org.test.Sample2" tests="2" failures="0" timestamp="25 May 2021 07:29:35 GMT" time="0.061" errors="0">
  <testcase name="t23" time="0.055" classname="com.org.test.Sample2"/>
  <testcase name="tc21" time="0.006" classname="com.org.test.Sample2"/>
</testsuite> <!-- com.org.test.Sample2 -->
